STAGE1:  YOUR NAME(S)       Fri Nov 18 15:45:26 2022

LINE NO.              SOURCE STATEMENT

    1|program stage1no123;
    2|  { requires 13 temporaries }
    3|var    sum,a,b,c,d,e,f,g,h,i,j,k,l,m,n,o,p,q,r,s,t,u,v,w,x,y,z : integer;
    4|begin
    5|  read(a,b,c,d,e,f,g,h,i,j,k,l,m,n,o,p,q,r,s,t,u,v,w,x,y,z);
    6|  sum := (a-b)-
    7|         ((c-d)-
    8|          ((e-f)-
    9|           ((g-h)-
   10|            ((i-j)-
   11|             ((k-l)-
   12|              ((m-n)-
   13|               ((o-p)-
   14|                ((q-r)-
   15|                 ((s-t)-
   16|                  ((u-v)-
   17|                   ((w-x)-
   18|                    (y-z)
   19|                   )
   20|                  )
   21|                 )
   22|                )
   23|               )
   24|              )
   25|             )
   26|            )
   27|           )
   28|          )
   29|         );
   30|  write(sum);
   31|end.

COMPILATION TERMINATED      0 ERRORS ENCOUNTERED
